<?xml version="1.0" encoding="UTF-8"?>
<!-- Generated by org.testng.reporters.JUnitXMLReporter -->
<testsuite ignored="0" hostname="Sakib" failures="0" tests="8" name="OpenCart Test Cases" time="21.308" errors="0" timestamp="2024-11-26T13:07:00 BDT">
  <testcase classname="day1.Login" name="verifyLogin" time="0.785"/>
  <testcase classname="day1.Login" name="verifyLoginInvalidCreds" time="0.599"/>
  <testcase classname="day1.Login" name="verifyLoginInvalidPass" time="0.658"/>
  <testcase classname="day1.Register" name="verifyRegisterWithMandatoryFields" time="0.953"/>
  <testcase classname="day1.Register" name="verifyLoginWithAllFields" time="1.106"/>
  <testcase classname="day1.Register" name="verifyRegisterLoginWithExistingEmail" time="0.938"/>
  <testcase classname="day1.Register" name="verifyRegisterAccWithoutAnyDetails" time="0.535"/>
  <testcase classname="day1.test" name="testValidLogin" time="0.001"/>
</testsuite> <!-- OpenCart Test Cases -->
