<?xml version="1.0" encoding="UTF-8"?>
<!-- Generated by org.testng.reporters.JUnitXMLReporter -->
<testsuite ignored="0" hostname="Sakib" failures="0" tests="3" name="Default test" time="6.792" errors="0" timestamp="2024-11-26T18:49:59 BDT">
  <testcase classname="day2.ParallerTest$DataProviders" name="testLogo" time="0.08"/>
  <testcase classname="day2.ParallerTest$DataProviders" name="testTitle" time="0.023"/>
  <testcase classname="day2.ParallerTest$DataProviders" name="testURL" time="0.019"/>
</testsuite> <!-- Default test -->
