<?xml version="1.0" encoding="UTF-8"?>
<!-- Generated by org.testng.reporters.JUnitXMLReporter -->
<testsuite ignored="0" hostname="Sakib" failures="0" tests="3" name="chromeTest" time="8.062" errors="0" timestamp="2024-11-26T19:53:23 BDT">
  <testcase classname="day2.ParallerTest$DataProviders" name="testLogo" time="0.097"/>
  <testcase classname="day2.ParallerTest$DataProviders" name="testTitle" time="0.013"/>
  <testcase classname="day2.ParallerTest$DataProviders" name="testURL" time="0.011"/>
</testsuite> <!-- chromeTest -->
