<?xml version="1.0" encoding="UTF-8"?>
<!-- Generated by org.testng.reporters.JUnitXMLReporter -->
<testsuite ignored="0" hostname="Sakib" failures="0" tests="3" name="Test" time="12.048" errors="0" timestamp="2024-11-26T19:09:13 BDT">
  <testcase classname="day2.ParallerTest$DataProviders" name="testLogo" time="0.062"/>
  <testcase classname="day2.ParallerTest$DataProviders" name="testTitle" time="0.01"/>
  <testcase classname="day2.ParallerTest$DataProviders" name="testURL" time="0.011"/>
</testsuite> <!-- Test -->
