<?xml version="1.0" encoding="UTF-8"?>
<!-- Generated by org.testng.reporters.JUnitXMLReporter -->
<testsuite ignored="0" hostname="Sakib" failures="1" tests="3" name="Test" time="6.498" errors="0" timestamp="2024-11-27T11:54:25 BDT">
  <testcase classname="day3.OrangeHRM$DataProviders" name="testLogo" time="0.069"/>
  <testcase classname="day3.OrangeHRM$DataProviders" name="testTitle" time="0.01">
    <failure type="java.lang.AssertionError" message="expected [OrangehRM] but found [OrangeHRM]">
      <![CDATA[java.lang.AssertionError: expected [OrangehRM] but found [OrangeHRM]
at day3.OrangeHRM$DataProviders.testTitle(OrangeHRM.java:43)
at java.base/java.util.ArrayList.forEach(ArrayList.java:1596)
... Removed 31 stack frames]]>
    </failure>
  </testcase> <!-- testTitle -->
  <testcase classname="day3.OrangeHRM$DataProviders" name="testURL" time="0.0">
    <skipped/>
  </testcase> <!-- testURL -->
</testsuite> <!-- Test -->
