<?xml version="1.0" encoding="UTF-8"?>
<testng-results ignored="0" total="9" passed="9" failed="0" skipped="0">
  <reporter-output>
  </reporter-output>
  <suite started-at="2024-11-26T19:53:15 BDT" name="Suite" finished-at="2024-11-26T19:53:26 BDT" duration-ms="10378">
    <groups>
    </groups>
    <test started-at="2024-11-26T19:53:15 BDT" name="chromeTest" finished-at="2024-11-26T19:53:23 BDT" duration-ms="8062">
      <class name="day2.ParallerTest$DataProviders">
        <test-method is-config="true" signature="setup(java.lang.String)[pri:0, instance:day2.ParallerTest$DataProviders@7b2bbc3]" started-at="2024-11-26T19:53:15 BDT" name="setup" finished-at="2024-11-26T19:53:23 BDT" duration-ms="7756" status="PASS">
          <params>
            <param index="0">
              <value>
                <![CDATA[chrome]]>
              </value>
            </param>
          </params>
          <reporter-output>
          </reporter-output>
        </test-method> <!-- setup -->
        <test-method signature="testLogo()[pri:1, instance:day2.ParallerTest$DataProviders@7b2bbc3]" started-at="2024-11-26T19:53:23 BDT" name="testLogo" finished-at="2024-11-26T19:53:23 BDT" duration-ms="97" status="PASS">
          <reporter-output>
          </reporter-output>
        </test-method> <!-- testLogo -->
        <test-method signature="testTitle()[pri:2, instance:day2.ParallerTest$DataProviders@7b2bbc3]" started-at="2024-11-26T19:53:23 BDT" name="testTitle" finished-at="2024-11-26T19:53:23 BDT" duration-ms="13" status="PASS">
          <reporter-output>
          </reporter-output>
        </test-method> <!-- testTitle -->
        <test-method signature="testURL()[pri:3, instance:day2.ParallerTest$DataProviders@7b2bbc3]" started-at="2024-11-26T19:53:23 BDT" name="testURL" finished-at="2024-11-26T19:53:23 BDT" duration-ms="11" status="PASS">
          <reporter-output>
          </reporter-output>
        </test-method> <!-- testURL -->
        <test-method is-config="true" signature="tearDown()[pri:0, instance:day2.ParallerTest$DataProviders@7b2bbc3]" started-at="2024-11-26T19:53:23 BDT" name="tearDown" finished-at="2024-11-26T19:53:23 BDT" duration-ms="148" status="PASS">
          <reporter-output>
          </reporter-output>
        </test-method> <!-- tearDown -->
      </class> <!-- day2.ParallerTest$DataProviders -->
    </test> <!-- chromeTest -->
    <test started-at="2024-11-26T19:53:15 BDT" name="edgetest" finished-at="2024-11-26T19:53:24 BDT" duration-ms="9175">
      <class name="day2.ParallerTest$DataProviders">
        <test-method is-config="true" signature="setup(java.lang.String)[pri:0, instance:day2.ParallerTest$DataProviders@3febb011]" started-at="2024-11-26T19:53:15 BDT" name="setup" finished-at="2024-11-26T19:53:23 BDT" duration-ms="7878" status="PASS">
          <params>
            <param index="0">
              <value>
                <![CDATA[edge]]>
              </value>
            </param>
          </params>
          <reporter-output>
          </reporter-output>
        </test-method> <!-- setup -->
        <test-method signature="testLogo()[pri:1, instance:day2.ParallerTest$DataProviders@3febb011]" started-at="2024-11-26T19:53:23 BDT" name="testLogo" finished-at="2024-11-26T19:53:23 BDT" duration-ms="51" status="PASS">
          <reporter-output>
          </reporter-output>
        </test-method> <!-- testLogo -->
        <test-method signature="testTitle()[pri:2, instance:day2.ParallerTest$DataProviders@3febb011]" started-at="2024-11-26T19:53:23 BDT" name="testTitle" finished-at="2024-11-26T19:53:23 BDT" duration-ms="14" status="PASS">
          <reporter-output>
          </reporter-output>
        </test-method> <!-- testTitle -->
        <test-method signature="testURL()[pri:3, instance:day2.ParallerTest$DataProviders@3febb011]" started-at="2024-11-26T19:53:23 BDT" name="testURL" finished-at="2024-11-26T19:53:23 BDT" duration-ms="8" status="PASS">
          <reporter-output>
          </reporter-output>
        </test-method> <!-- testURL -->
        <test-method is-config="true" signature="tearDown()[pri:0, instance:day2.ParallerTest$DataProviders@3febb011]" started-at="2024-11-26T19:53:23 BDT" name="tearDown" finished-at="2024-11-26T19:53:24 BDT" duration-ms="1204" status="PASS">
          <reporter-output>
          </reporter-output>
        </test-method> <!-- tearDown -->
      </class> <!-- day2.ParallerTest$DataProviders -->
    </test> <!-- edgetest -->
    <test started-at="2024-11-26T19:53:15 BDT" name="firefoxTest" finished-at="2024-11-26T19:53:26 BDT" duration-ms="10378">
      <class name="day2.ParallerTest$DataProviders">
        <test-method is-config="true" signature="setup(java.lang.String)[pri:0, instance:day2.ParallerTest$DataProviders@4d5d943d]" started-at="2024-11-26T19:53:15 BDT" name="setup" finished-at="2024-11-26T19:53:25 BDT" duration-ms="9735" status="PASS">
          <params>
            <param index="0">
              <value>
                <![CDATA[firefox]]>
              </value>
            </param>
          </params>
          <reporter-output>
          </reporter-output>
        </test-method> <!-- setup -->
        <test-method signature="testLogo()[pri:1, instance:day2.ParallerTest$DataProviders@4d5d943d]" started-at="2024-11-26T19:53:25 BDT" name="testLogo" finished-at="2024-11-26T19:53:25 BDT" duration-ms="31" status="PASS">
          <reporter-output>
          </reporter-output>
        </test-method> <!-- testLogo -->
        <test-method signature="testTitle()[pri:2, instance:day2.ParallerTest$DataProviders@4d5d943d]" started-at="2024-11-26T19:53:25 BDT" name="testTitle" finished-at="2024-11-26T19:53:25 BDT" duration-ms="7" status="PASS">
          <reporter-output>
          </reporter-output>
        </test-method> <!-- testTitle -->
        <test-method signature="testURL()[pri:3, instance:day2.ParallerTest$DataProviders@4d5d943d]" started-at="2024-11-26T19:53:25 BDT" name="testURL" finished-at="2024-11-26T19:53:25 BDT" duration-ms="4" status="PASS">
          <reporter-output>
          </reporter-output>
        </test-method> <!-- testURL -->
        <test-method is-config="true" signature="tearDown()[pri:0, instance:day2.ParallerTest$DataProviders@4d5d943d]" started-at="2024-11-26T19:53:25 BDT" name="tearDown" finished-at="2024-11-26T19:53:26 BDT" duration-ms="584" status="PASS">
          <reporter-output>
          </reporter-output>
        </test-method> <!-- tearDown -->
      </class> <!-- day2.ParallerTest$DataProviders -->
    </test> <!-- firefoxTest -->
  </suite> <!-- Suite -->
</testng-results>
