<?xml version="1.0" encoding="UTF-8"?>
<testng-results ignored="0" total="3" passed="3" failed="0" skipped="0">
  <reporter-output>
  </reporter-output>
  <suite started-at="2024-11-26T19:09:01 BDT" name="Suite" finished-at="2024-11-26T19:09:13 BDT" duration-ms="12048">
    <groups>
    </groups>
    <test started-at="2024-11-26T19:09:01 BDT" name="Test" finished-at="2024-11-26T19:09:13 BDT" duration-ms="12048">
      <class name="day2.ParallerTest$DataProviders">
        <test-method is-config="true" signature="setup(java.lang.String)[pri:0, instance:day2.ParallerTest$DataProviders@3febb011]" started-at="2024-11-26T19:09:01 BDT" name="setup" finished-at="2024-11-26T19:09:12 BDT" duration-ms="10712" status="PASS">
          <params>
            <param index="0">
              <value>
                <![CDATA[edge]]>
              </value>
            </param>
          </params>
          <reporter-output>
          </reporter-output>
        </test-method> <!-- setup -->
        <test-method signature="testLogo()[pri:1, instance:day2.ParallerTest$DataProviders@3febb011]" started-at="2024-11-26T19:09:12 BDT" name="testLogo" finished-at="2024-11-26T19:09:12 BDT" duration-ms="62" status="PASS">
          <reporter-output>
          </reporter-output>
        </test-method> <!-- testLogo -->
        <test-method signature="testTitle()[pri:2, instance:day2.ParallerTest$DataProviders@3febb011]" started-at="2024-11-26T19:09:12 BDT" name="testTitle" finished-at="2024-11-26T19:09:12 BDT" duration-ms="10" status="PASS">
          <reporter-output>
          </reporter-output>
        </test-method> <!-- testTitle -->
        <test-method signature="testURL()[pri:3, instance:day2.ParallerTest$DataProviders@3febb011]" started-at="2024-11-26T19:09:12 BDT" name="testURL" finished-at="2024-11-26T19:09:12 BDT" duration-ms="11" status="PASS">
          <reporter-output>
          </reporter-output>
        </test-method> <!-- testURL -->
        <test-method is-config="true" signature="tearDown()[pri:0, instance:day2.ParallerTest$DataProviders@3febb011]" started-at="2024-11-26T19:09:12 BDT" name="tearDown" finished-at="2024-11-26T19:09:13 BDT" duration-ms="1222" status="PASS">
          <reporter-output>
          </reporter-output>
        </test-method> <!-- tearDown -->
      </class> <!-- day2.ParallerTest$DataProviders -->
    </test> <!-- Test -->
  </suite> <!-- Suite -->
</testng-results>
